<?xml version="1.0" encoding="UTF-8" ?>
<testsuites disabled="0" errors="0" failures="2" tests="4" time="23.646">
 <testsuite name="Basic check for" timestamp="2022-04-13T15:36:01" hostname="localhost" time="23.646" errors="0" tests="4" skipped="0" disabled="0" failures="2">
  <testcase classname="Basic check for" name="Login to orthocatapult" time="6.428" />
  <testcase classname="Basic check for" name="click add patient button on dashboard" time="5.938" />
  <testcase classname="Basic check for" name="filling detals and submitting them on Edit patient page" time="11.218">
   <failure type="exception" message="Failed: no such window: target window already closed
from unknown error: web view not found
  (Session info: chrome=100.0.4896.75)
  (Driver info: chromedriver=100.0.4896.60 (6a5d10861ce8de5fce22564658033b43cb7de047-refs/branch-heads/4896@{#875}),platform=Linux 5.13.0-39-generic x86_64)"><![CDATA[NoSuchWindowError: no such window: target window already closed
from unknown error: web view not found
  (Session info: chrome=100.0.4896.75)
  (Driver info: chromedriver=100.0.4896.60 (6a5d10861ce8de5fce22564658033b43cb7de047-refs/branch-heads/4896@{#875}),platform=Linux 5.13.0-39-generic x86_64)
    at Object.checkLegacyResponse (/usr/local/lib/node_modules/protractor/node_modules/selenium-webdriver/lib/error.js:546:15)
    at parseHttpResponse (/usr/local/lib/node_modules/protractor/node_modules/selenium-webdriver/lib/http.js:509:13)
    at /usr/local/lib/node_modules/protractor/node_modules/selenium-webdriver/lib/http.js:441:30
    at processTicksAndRejections (node:internal/process/task_queues:96:5)
From: Task: WebDriver.findElements(By(xpath, //div[@class='common-card responsible-party-info-section']//div[3]//mdl-textfield[@class='required-label mdl-textfield is-upgraded mdl-textfield--floating-label ng-untouched ng-pristine ng-valid']//input[@class='mdl-textfield__input ng-untouched ng-pristine ng-valid ng-star-inserted']))
    at Driver.schedule (/usr/local/lib/node_modules/protractor/node_modules/selenium-webdriver/lib/webdriver.js:807:17)
    at Driver.findElements (/usr/local/lib/node_modules/protractor/node_modules/selenium-webdriver/lib/webdriver.js:1048:19)
    at /usr/local/lib/node_modules/protractor/built/element.js:159:44
    at ManagedPromise.invokeCallback_ (/usr/local/lib/node_modules/protractor/node_modules/selenium-webdriver/lib/promise.js:1376:14)
    at TaskQueue.execute_ (/usr/local/lib/node_modules/protractor/node_modules/selenium-webdriver/lib/promise.js:3084:14)
    at TaskQueue.executeNext_ (/usr/local/lib/node_modules/protractor/node_modules/selenium-webdriver/lib/promise.js:3067:27)
    at /usr/local/lib/node_modules/protractor/node_modules/selenium-webdriver/lib/promise.js:2927:27
    at /usr/local/lib/node_modules/protractor/node_modules/selenium-webdriver/lib/promise.js:668:7
    at processTicksAndRejections (node:internal/process/task_queues:96:5)Error
    at ElementArrayFinder.applyAction_ (/usr/local/lib/node_modules/protractor/built/element.js:459:27)
    at ElementArrayFinder.<computed> [as sendKeys] (/usr/local/lib/node_modules/protractor/built/element.js:91:29)
    at ElementFinder.<computed> [as sendKeys] (/usr/local/lib/node_modules/protractor/built/element.js:831:22)
    at editpatpage.add_patient (/home/qburst/Desktop/orthocatapult/protractor/pages/editpatient.js:99:16)
    at UserContext.<anonymous> (/home/qburst/Desktop/orthocatapult/protractor/tests/Basic.js:27:21)
    at /usr/local/lib/node_modules/protractor/node_modules/jasminewd2/index.js:112:25
    at new ManagedPromise (/usr/local/lib/node_modules/protractor/node_modules/selenium-webdriver/lib/promise.js:1077:7)
    at ControlFlow.promise (/usr/local/lib/node_modules/protractor/node_modules/selenium-webdriver/lib/promise.js:2505:12)
    at schedulerExecute (/usr/local/lib/node_modules/protractor/node_modules/jasminewd2/index.js:95:18)
    at TaskQueue.execute_ (/usr/local/lib/node_modules/protractor/node_modules/selenium-webdriver/lib/promise.js:3084:14)
From: Task: Run it("filling detals and submitting them on Edit patient page") in control flow
    at UserContext.<anonymous> (/usr/local/lib/node_modules/protractor/node_modules/jasminewd2/index.js:94:19)
    at attempt (/usr/local/lib/node_modules/protractor/node_modules/jasmine-core/lib/jasmine-core/jasmine.js:4297:26)
    at QueueRunner.run (/usr/local/lib/node_modules/protractor/node_modules/jasmine-core/lib/jasmine-core/jasmine.js:4217:20)
    at QueueRunner.execute (/usr/local/lib/node_modules/protractor/node_modules/jasmine-core/lib/jasmine-core/jasmine.js:4199:10)
    at Spec.queueRunnerFactory (/usr/local/lib/node_modules/protractor/node_modules/jasmine-core/lib/jasmine-core/jasmine.js:909:35)
    at Spec.execute (/usr/local/lib/node_modules/protractor/node_modules/jasmine-core/lib/jasmine-core/jasmine.js:526:10)
    at UserContext.fn (/usr/local/lib/node_modules/protractor/node_modules/jasmine-core/lib/jasmine-core/jasmine.js:5340:37)
    at attempt (/usr/local/lib/node_modules/protractor/node_modules/jasmine-core/lib/jasmine-core/jasmine.js:4297:26)
    at QueueRunner.run (/usr/local/lib/node_modules/protractor/node_modules/jasmine-core/lib/jasmine-core/jasmine.js:4217:20)
    at runNext (/usr/local/lib/node_modules/protractor/node_modules/jasmine-core/lib/jasmine-core/jasmine.js:4257:20)
From asynchronous test: 
Error
    at Suite.<anonymous> (/home/qburst/Desktop/orthocatapult/protractor/tests/Basic.js:26:5)
    at addSpecsToSuite (/usr/local/lib/node_modules/protractor/node_modules/jasmine-core/lib/jasmine-core/jasmine.js:1107:25)
    at Env.describe (/usr/local/lib/node_modules/protractor/node_modules/jasmine-core/lib/jasmine-core/jasmine.js:1074:7)
    at describe (/usr/local/lib/node_modules/protractor/node_modules/jasmine-core/lib/jasmine-core/jasmine.js:4399:18)
    at Object.<anonymous> (/home/qburst/Desktop/orthocatapult/protractor/tests/Basic.js:9:1)
    at Module._compile (node:internal/modules/cjs/loader:1101:14)
    at Object.Module._extensions..js (node:internal/modules/cjs/loader:1153:10)
    at Module.load (node:internal/modules/cjs/loader:981:32)
    at Function.Module._load (node:internal/modules/cjs/loader:822:12)]]>
   </failure>
  </testcase>
  <testcase classname="Basic check for" name="filling the tx plan and submitting" time="0.019">
   <failure type="exception" message="NoSuchWindowError: no such window: target window already closed
from unknown error: web view not found
  (Session info: chrome=100.0.4896.75)
  (Driver info: chromedriver=100.0.4896.60 (6a5d10861ce8de5fce22564658033b43cb7de047-refs/branch-heads/4896@{#875}),platform=Linux 5.13.0-39-generic x86_64)"><![CDATA[NoSuchWindowError: no such window: target window already closed
from unknown error: web view not found
  (Session info: chrome=100.0.4896.75)
  (Driver info: chromedriver=100.0.4896.60 (6a5d10861ce8de5fce22564658033b43cb7de047-refs/branch-heads/4896@{#875}),platform=Linux 5.13.0-39-generic x86_64)
    at Object.checkLegacyResponse (/usr/local/lib/node_modules/protractor/node_modules/selenium-webdriver/lib/error.js:546:15)
    at parseHttpResponse (/usr/local/lib/node_modules/protractor/node_modules/selenium-webdriver/lib/http.js:509:13)
    at /usr/local/lib/node_modules/protractor/node_modules/selenium-webdriver/lib/http.js:441:30
    at processTicksAndRejections (node:internal/process/task_queues:96:5)
From: Task: WebDriver.takeScreenshot()
    at Driver.schedule (/usr/local/lib/node_modules/protractor/node_modules/selenium-webdriver/lib/webdriver.js:807:17)
    at Driver.takeScreenshot (/usr/local/lib/node_modules/protractor/node_modules/selenium-webdriver/lib/webdriver.js:1085:17)
    at run (/usr/local/lib/node_modules/protractor/built/browser.js:58:33)
    at ProtractorBrowser.to.<computed> [as takeScreenshot] (/usr/local/lib/node_modules/protractor/built/browser.js:66:16)
    at /home/qburst/Desktop/orthocatapult/protractor/node_modules/protractor-jasmine2-screenshot-reporter/index.js:600:23
    at /home/qburst/Desktop/orthocatapult/protractor/node_modules/lodash/lodash.js:4967:15
    at baseForOwn (/home/qburst/Desktop/orthocatapult/protractor/node_modules/lodash/lodash.js:3032:24)
    at /home/qburst/Desktop/orthocatapult/protractor/node_modules/lodash/lodash.js:4936:18
    at Function.forEach (/home/qburst/Desktop/orthocatapult/protractor/node_modules/lodash/lodash.js:9410:14)
    at Jasmine2ScreenShotReporter.specDone (/home/qburst/Desktop/orthocatapult/protractor/node_modules/protractor-jasmine2-screenshot-reporter/index.js:596:7)]]>
   </failure>
  </testcase>
 </testsuite>
</testsuites>